<?xml version="1.0" encoding="UTF-8"?>
<testsuite xmlns:xsi="http://www.w3.org/2001/XMLSchema-instance" xsi:noNamespaceSchemaLocation="https://maven.apache.org/surefire/maven-surefire-plugin/xsd/surefire-test-report-3.0.xsd" version="3.0" name="testing.TriviaAPITest" time="14.862" tests="2" errors="0" skipped="0" failures="0">
  <properties>
[...]
</properties>
  <testcase name="testgetQuestionsWithAllParameters" classname="testing.TriviaAPITest" time="8.981">
    <system-out><![CDATA[Category Entertainment: Video Games
Type multiple
When was Club Penguin launched?
October 24, 2005[October 21, 2005, March 29, 2006, November 22, 2004]
Category Entertainment: Video Games
Type multiple
Sean Bean voices the character of &quot;Martin Septim&quot; in which Elder Scrolls game?
The Elder Scrolls IV: Oblivion[The Elder Scrolls V: Skyrim, The Elder Scrolls III: Morrowind , The Elder Scrolls Online]
Category Entertainment: Video Games
Type multiple
Psych-Horror &quot;Eternal Darkness: Sanity&#039;s Requiem&quot;, developed by Silicon Knights in 2002, was published by who and on what platform?
Nintendo&reg; Co. Ltd. | GameCube&trade;[Sony&reg; Computer Entertainment&trade; Inc. | PlayStation&reg; 2, Microsoft&reg; Game Studios&trade; | XBox&trade;, Sega&reg; Enterprises Co. Ltd. | Dreamcast&trade;]
Category Entertainment: Video Games
Type multiple
How many unique items does &quot;Borderlands 2&quot; claim to have?
87 Bazillion [87 Million, 87 Trillion, 87 Gazillion ]
Category Entertainment: Video Games
Type multiple
In the game &quot;Brawlhalla&quot;, what species is the character B&ouml;dvar is?
Half Human / Half Bear[A Human, Half Wolf / Half Bear, Half Tiger /  Half Human]
Category Entertainment: Video Games
Type multiple
What is the browser game Kantai Collection heavily inspired by?
Second World War[Manga, World of Warcraft, An Anime]
Category Entertainment: Video Games
Type multiple
Which of the following Pok&eacute;mon games released first?
Pok&eacute;mon Crystal[Pok&eacute;mon Platinum, Pok&eacute;mon FireRed, Pok&eacute;mon Black]
Category Entertainment: Video Games
Type multiple
In the first Left 4 Dead, you can play as either of these four characters.
Francis, Bill, Zoey, and Louis[Bender, Andrew, Allison, and Brian, Coach, Ellis, Nick, and Rochelle, Harry, Ron, Hermione and Dumbledore]
Category Entertainment: Video Games
Type multiple
In Touhou 12: Undefined Fantastic Object, which of these was not a playable character?
Izayoi Sakuya[Hakurei Reimu, Kirisame Marisa, Kochiya Sanae]
Category Entertainment: Video Games
Type multiple
In what year was &quot;Super Mario Sunshine&quot; released?
2002[2003, 2000, 2004]
]]></system-out>
  </testcase>
  <testcase name="testgetQuestions" classname="testing.TriviaAPITest" time="5.574">
    <system-out><![CDATA[Category Entertainment: Video Games
Type boolean
In Monster Hunter Generations, guild style is a type of hunting style.
True[False]
Category Entertainment: Video Games
Type multiple
When was the Sega Genesis released in Japan?
October 29, 1988[August 14, 1989, November 30, 1990, September 1, 1986]
Category Geography
Type multiple
The Pyrenees mountains are located on the border of which two countries?
France and Spain[Italy and Switzerland, Norway and Sweden, Russia and Ukraine]
Category Entertainment: Video Games
Type multiple
In the game Enter the Gungeon, which one of these is not a playable character?
The Wizard[The Bullet, The Robot, The Cultist]
Category Science: Computers
Type multiple
The programming language &#039;Swift&#039; was created to replace what other programming language?
Objective-C[C#, Ruby, C++]
Category Entertainment: Video Games
Type boolean
In &quot;Sonic Adventure&quot;, you are able to transform into Super Sonic at will after completing the main story.
False[True]
Category Entertainment: Video Games
Type multiple
In the &quot;Ace Attorney&quot; series, what is the relationship between Apollo Justice and Trucy Wright?
They&#039;re half-siblings[They&#039;re co-workers, They&#039;re friends, They&#039;re both attorneys]
Category Entertainment: Video Games
Type multiple
What game was used to advertise Steam?
Counter-Strike 1.6[Half-Life, Half-Life 2, Team Fortress]
Category Entertainment: Music
Type boolean
Michael Jackson wrote The Simpsons song &quot;Do the Bartman&quot;.
False[True]
Category Entertainment: Japanese Anime &amp; Manga
Type multiple
In the anime &quot;My Hero Academia&quot;, which character is shown with the ability to manipulate gravity?
Uraraka[Bakugo, Deku, Asui ]
]]></system-out>
  </testcase>
</testsuite>