<?xml version="1.0" encoding="UTF-8"?>
<testsuite xmlns:xsi="http://www.w3.org/2001/XMLSchema-instance" xsi:noNamespaceSchemaLocation="https://maven.apache.org/surefire/maven-surefire-plugin/xsd/surefire-test-report-3.0.xsd" version="3.0" name="TriviaAPITest" time="14.135" tests="2" errors="0" skipped="0" failures="0">
  <properties>
[...]
</properties>
  <testcase name="testgetQuestionsWithAllParameters" classname="TriviaAPITest" time="8.223">
    <system-out><![CDATA[Category Entertainment: Video Games
Type multiple
In &quot;Fallout 4&quot;, what is the name of the dog you find at Red Rocket truck stop?
Dogmeat[Sparky, Quazar, Chop]
Category Entertainment: Video Games
Type multiple
Which character does the player play as in the video game &quot;Bastion&quot;?
The Kid[Rucks, Zulf, Zia]
Category Entertainment: Video Games
Type multiple
Which of these games was NOT a Nintendo Switch launch title in the United States? 
Voez[Just Dance 2017, Snipperclips, Fast RMX]
Category Entertainment: Video Games
Type multiple
What is the name of Joel&#039;s daughter in the game, &quot;The Last of Us&quot;? 
Sarah[Ellie, Tess, Marlene]
Category Entertainment: Video Games
Type multiple
Which of the following characters were considered for inclusion in Super Smash Bros. Melee?
Lucas[Mega Man, Meta Knight, Diddy Kong]
Category Entertainment: Video Games
Type multiple
In Portal 2, the iconic character GLaDOS is turned into:
A potato[A tomato, A lemon, An apple]
Category Entertainment: Video Games
Type multiple
Which pop singer was brought in by SEGA to produce the music for &quot;Sonic the Hedgehog 3&quot;?
Michael Jackson [Prince, George Michael, Vanilla Ice ]
Category Entertainment: Video Games
Type multiple
In the video game &quot;League of Legends&quot; which character is known as &quot;The Sinister Blade&quot;?
Katarina[Shaco, Akali, Zed]
Category Entertainment: Video Games
Type multiple
In World of Warcraft lore, who was first to have the title &quot;The Ashbringer&quot;?
Alexandros Mograine[Tirion Fordring, Arthas Menethil, Uther the Lightbringer]
Category Entertainment: Video Games
Type multiple
In Cook, Serve, Delicious!, which food is NOT included in the game?
Pie[Shish Kabob, Hamburger, Lasagna]
]]></system-out>
  </testcase>
  <testcase name="testgetQuestions" classname="TriviaAPITest" time="5.617">
    <system-out><![CDATA[Category History
Type multiple
Which of these countries was sea charted in 1500 by the Portuguese maritime explorations?
Brazil[India, Mozambique, Madagascar]
Category Entertainment: Video Games
Type multiple
In what year was the game &quot;FTL: Faster Than Light&quot; released?
2012[2014, 2013, 2011]
Category History
Type multiple
What is the mnemonic device for remembering the fates of the wives of Henry VIII?
Divorced, Beheaded, Died, Divorced, Beheaded, Survived[Beheaded, Died, Divorced, Divorced, Beheaded, Survived, Died, Beheaded, Divorced, Beheaded, Survived, Divorced, Survived, Beheaded, Died, Divorced, Divorced, Beheaded]
Category Entertainment: Music
Type multiple
What is the English title of the vaporwave track &quot;リサフランク420 / 現代のコンピュー&quot; by Macintosh Plus (Vektroid)?
Lisa Frank 420 / Modern Computing[Smoke Weed 420 / Everyday, Make Your Move 420 / My Mind, It&#039;s All In Your Head 420 / Understand]
Category Science &amp; Nature
Type multiple
Which of the following is NOT a word used to describe an earthquake?
Drop-slide[Foreshock, Strike-slip, Temblor]
Category Entertainment: Musicals &amp; Theatres
Type multiple
Which Shakespeare play inspired the musical &#039;West Side Story&#039;?
Romeo &amp; Juliet[Hamlet, Macbeth, Othello]
Category Entertainment: Japanese Anime &amp; Manga
Type multiple
In the &quot;Dragon Ball&quot; franchise, what is the name of Goku&#039;s brother?
Raditz[Gohan, Vegeta, Bardock]
Category Geography
Type multiple
How many countries does Mexico border?
3[2, 4, 1]
Category Entertainment: Cartoon &amp; Animations
Type multiple
In the Pixar film, &quot;Toy Story&quot; what was the name of the child who owned the toys?
Andy[Edward, Danny, Matt]
Category Entertainment: Video Games
Type multiple
Which horror movie had a sequel in the form of a video game released in August 20, 2002?
The Thing[The Evil Dead, Saw, Alien]
]]></system-out>
  </testcase>
</testsuite>